Nov-08 06:07:49.103 [main] DEBUG nextflow.cli.Launcher - $> nextflow single_genome.nf -with-report single_genome.html
Nov-08 06:07:49.207 [main] INFO  nextflow.cli.CmdRun - N E X T F L O W  ~  version 19.10.0
Nov-08 06:07:49.219 [main] INFO  nextflow.cli.CmdRun - Launching `single_genome.nf` [chaotic_koch] - revision: b7566a92f9
Nov-08 06:07:49.303 [main] DEBUG nextflow.extension.OperatorEx - Dataflow extension methods: branch,buffer,chain,choice,collate,collect,collectFile,combine,concat,count,countBy,countFasta,countFastq,countLines,countText,cross,distinct,filter,first,flatMap,flatten,fork,groupBy,groupTuple,ifEmpty,into,join,last,map,max,mean,merge,min,mix,phase,print,println,randomSample,reduce,separate,set,splitCsv,splitFasta,splitFastq,splitText,spread,subscribe,sum,take,tap,toDouble,toFloat,toInteger,toList,toLong,toSortedList,transpose,unique,until,view
Nov-08 06:07:49.310 [main] DEBUG nextflow.Session - Session uuid: 1581da42-41e7-41b3-b97d-e650877b2049
Nov-08 06:07:49.310 [main] DEBUG nextflow.Session - Run name: chaotic_koch
Nov-08 06:07:49.312 [main] DEBUG nextflow.Session - Executor pool size: 4
Nov-08 06:07:49.323 [main] DEBUG nextflow.cli.CmdRun - 
  Version: 19.10.0 build 5170
  Created: 21-10-2019 15:07 UTC (20:37 IDT)
  System: Linux 3.10.0-514.26.2.el7.x86_64
  Runtime: Groovy 2.5.8 on OpenJDK 64-Bit Server VM 1.8.0_232-BellSoft-b10
  Encoding: UTF-8 (UTF-8)
  Process: 17303@localhost.localdomain [127.0.0.1]
  CPUs: 4 - Mem: 12.6 GB (4.1 GB) - Swap: 2 GB (2 GB)
Nov-08 06:07:49.376 [main] DEBUG nextflow.Session - Work-dir: /home/centos/Desktop/tese-nf/trigenome/work [xfs]
Nov-08 06:07:49.376 [main] DEBUG nextflow.Session - Script base path does not exist or is not a directory: /home/centos/Desktop/tese-nf/trigenome/bin
Nov-08 06:07:49.390 [main] DEBUG nextflow.Session - Observer factory: TowerFactory
Nov-08 06:07:49.393 [main] DEBUG nextflow.Session - Observer factory: DefaultObserverFactory
Nov-08 06:07:49.520 [main] DEBUG nextflow.Session - Session start invoked
Nov-08 06:07:49.998 [main] DEBUG nextflow.script.ScriptRunner - > Launching execution
Nov-08 06:07:50.028 [PathVisitor-1] DEBUG nextflow.file.PathVisitor - files for syntax: glob; folder: ./; pattern: G04868_L003_R{1,2}.fastq.gz; options: [:]
Nov-08 06:07:50.114 [main] DEBUG nextflow.executor.ExecutorFactory - << taskConfig executor: null
Nov-08 06:07:50.114 [main] DEBUG nextflow.executor.ExecutorFactory - >> processorType: 'local'
Nov-08 06:07:50.118 [main] DEBUG nextflow.executor.Executor - [warm up] executor > local
Nov-08 06:07:50.123 [main] DEBUG n.processor.LocalPollingMonitor - Creating local task monitor for executor 'local' > cpus=4; memory=12.6 GB; capacity=4; pollInterval=100ms; dumpInterval=5m
Nov-08 06:07:50.176 [main] DEBUG nextflow.processor.TaskProcessor - Creating operator > gzipDecompressFiles -- maxForks: 4
Nov-08 06:07:50.189 [PathVisitor-1] DEBUG nextflow.file.PathVisitor - files for syntax: glob; folder: ./; pattern: G04868_L003_R{1,2}.fastq.gz; options: [:]
Nov-08 06:07:50.193 [main] DEBUG nextflow.executor.ExecutorFactory - << taskConfig executor: null
Nov-08 06:07:50.193 [main] DEBUG nextflow.executor.ExecutorFactory - >> processorType: 'local'
Nov-08 06:07:50.194 [main] DEBUG nextflow.processor.TaskProcessor - Creating operator > trimmomatic -- maxForks: 4
Nov-08 06:07:50.196 [main] DEBUG nextflow.executor.ExecutorFactory - << taskConfig executor: null
Nov-08 06:07:50.196 [main] DEBUG nextflow.executor.ExecutorFactory - >> processorType: 'local'
Nov-08 06:07:50.197 [main] DEBUG nextflow.processor.TaskProcessor - Creating operator > bwaIndexReferenceGenome -- maxForks: 4
Nov-08 06:07:50.199 [main] DEBUG nextflow.script.BaseScript - No entry workflow defined
Nov-08 06:07:50.200 [main] DEBUG nextflow.script.ScriptRunner - > Await termination 
Nov-08 06:07:50.200 [main] DEBUG nextflow.Session - Session await
Nov-08 06:07:50.288 [Task submitter] DEBUG nextflow.executor.LocalTaskHandler - Launch cmd line: /bin/bash -ue .command.run
Nov-08 06:07:50.292 [Task submitter] INFO  nextflow.Session - [0c/b3f625] Submitted process > trimmomatic (1)
Nov-08 06:07:50.302 [Task submitter] DEBUG nextflow.executor.LocalTaskHandler - Launch cmd line: /bin/bash -ue .command.run
Nov-08 06:07:50.303 [Task submitter] INFO  nextflow.Session - [4e/65525d] Submitted process > bwaIndexReferenceGenome (1)
Nov-08 06:07:50.308 [Task submitter] DEBUG nextflow.executor.LocalTaskHandler - Launch cmd line: /bin/bash -ue .command.run
Nov-08 06:07:50.308 [Task submitter] INFO  nextflow.Session - [79/bf169a] Submitted process > gzipDecompressFiles (1)
Nov-08 06:07:51.613 [Task monitor] DEBUG n.processor.TaskPollingMonitor - Task completed > TaskHandler[id: 1; name: gzipDecompressFiles (1); status: COMPLETED; exit: 0; error: -; workDir: /home/centos/Desktop/tese-nf/trigenome/work/79/bf169a244269756881a422ee6bbd7a]
Nov-08 06:07:53.889 [Task monitor] DEBUG n.processor.TaskPollingMonitor - Task completed > TaskHandler[id: 3; name: bwaIndexReferenceGenome (1); status: COMPLETED; exit: 0; error: -; workDir: /home/centos/Desktop/tese-nf/trigenome/work/4e/65525d0ae90fce64a7e58f87213649]
Nov-08 06:07:53.922 [Task monitor] DEBUG n.processor.TaskPollingMonitor - Task completed > TaskHandler[id: 2; name: trimmomatic (1); status: COMPLETED; exit: 0; error: -; workDir: /home/centos/Desktop/tese-nf/trigenome/work/0c/b3f6256a2dde98ffe44cdb718b3706]
Nov-08 06:07:53.925 [main] DEBUG nextflow.Session - Session await > all process finished
Nov-08 06:07:53.927 [main] DEBUG nextflow.Session - Session await > all barriers passed
Nov-08 06:07:53.945 [main] DEBUG nextflow.trace.StatsObserver - Workflow completed > WorkflowStats[succeedCount=3; failedCount=0; ignoredCount=0; cachedCount=0; succeedDuration=8s; failedDuration=0ms; cachedDuration=0ms]
Nov-08 06:07:53.945 [main] DEBUG nextflow.trace.ReportObserver - Flow completing -- rendering html report
Nov-08 06:07:53.993 [main] DEBUG nextflow.trace.ReportObserver - Execution report summary data:
  [{"cpuUsage":{"mean":86.4,"min":86.4,"q1":86.4,"q2":86.4,"q3":86.4,"max":86.4,"minLabel":"gzipDecompressFiles (1)","maxLabel":"gzipDecompressFiles (1)","q1Label":"gzipDecompressFiles (1)","q2Label":"gzipDecompressFiles (1)","q3Label":"gzipDecompressFiles (1)"},"process":"gzipDecompressFiles","mem":{"mean":1863680,"min":1863680,"q1":1863680,"q2":1863680,"q3":1863680,"max":1863680,"minLabel":"gzipDecompressFiles (1)","maxLabel":"gzipDecompressFiles (1)","q1Label":"gzipDecompressFiles (1)","q2Label":"gzipDecompressFiles (1)","q3Label":"gzipDecompressFiles (1)"},"memUsage":null,"timeUsage":null,"vmem":{"mean":120647680,"min":120647680,"q1":120647680,"q2":120647680,"q3":120647680,"max":120647680,"minLabel":"gzipDecompressFiles (1)","maxLabel":"gzipDecompressFiles (1)","q1Label":"gzipDecompressFiles (1)","q2Label":"gzipDecompressFiles (1)","q3Label":"gzipDecompressFiles (1)"},"reads":{"mean":40447166,"min":40447166,"q1":40447166,"q2":40447166,"q3":40447166,"max":40447166,"minLabel":"gzipDecompressFiles (1)","maxLabel":"gzipDecompressFiles (1)","q1Label":"gzipDecompressFiles (1)","q2Label":"gzipDecompressFiles (1)","q3Label":"gzipDecompressFiles (1)"},"cpu":{"mean":86.4,"min":86.4,"q1":86.4,"q2":86.4,"q3":86.4,"max":86.4,"minLabel":"gzipDecompressFiles (1)","maxLabel":"gzipDecompressFiles (1)","q1Label":"gzipDecompressFiles (1)","q2Label":"gzipDecompressFiles (1)","q3Label":"gzipDecompressFiles (1)"},"time":{"mean":1085,"min":1085,"q1":1085,"q2":1085,"q3":1085,"max":1085,"minLabel":"gzipDecompressFiles (1)","maxLabel":"gzipDecompressFiles (1)","q1Label":"gzipDecompressFiles (1)","q2Label":"gzipDecompressFiles (1)","q3Label":"gzipDecompressFiles (1)"},"writes":{"mean":108277505,"min":108277505,"q1":108277505,"q2":108277505,"q3":108277505,"max":108277505,"minLabel":"gzipDecompressFiles (1)","maxLabel":"gzipDecompressFiles (1)","q1Label":"gzipDecompressFiles (1)","q2Label":"gzipDecompressFiles (1)","q3Label":"gzipDecompressFiles (1)"}},{"cpuUsage":{"mean":100.9,"min":100.9,"q1":100.9,"q2":100.9,"q3":100.9,"max":100.9,"minLabel":"bwaIndexReferenceGenome (1)","maxLabel":"bwaIndexReferenceGenome (1)","q1Label":"bwaIndexReferenceGenome (1)","q2Label":"bwaIndexReferenceGenome (1)","q3Label":"bwaIndexReferenceGenome (1)"},"process":"bwaIndexReferenceGenome","mem":{"mean":48476160,"min":48476160,"q1":48476160,"q2":48476160,"q3":48476160,"max":48476160,"minLabel":"bwaIndexReferenceGenome (1)","maxLabel":"bwaIndexReferenceGenome (1)","q1Label":"bwaIndexReferenceGenome (1)","q2Label":"bwaIndexReferenceGenome (1)","q3Label":"bwaIndexReferenceGenome (1)"},"memUsage":null,"timeUsage":null,"vmem":{"mean":176566272,"min":176566272,"q1":176566272,"q2":176566272,"q3":176566272,"max":176566272,"minLabel":"bwaIndexReferenceGenome (1)","maxLabel":"bwaIndexReferenceGenome (1)","q1Label":"bwaIndexReferenceGenome (1)","q2Label":"bwaIndexReferenceGenome (1)","q3Label":"bwaIndexReferenceGenome (1)"},"reads":{"mean":17820391,"min":17820391,"q1":17820391,"q2":17820391,"q3":17820391,"max":17820391,"minLabel":"bwaIndexReferenceGenome (1)","maxLabel":"bwaIndexReferenceGenome (1)","q1Label":"bwaIndexReferenceGenome (1)","q2Label":"bwaIndexReferenceGenome (1)","q3Label":"bwaIndexReferenceGenome (1)"},"cpu":{"mean":100.9,"min":100.9,"q1":100.9,"q2":100.9,"q3":100.9,"max":100.9,"minLabel":"bwaIndexReferenceGenome (1)","maxLabel":"bwaIndexReferenceGenome (1)","q1Label":"bwaIndexReferenceGenome (1)","q2Label":"bwaIndexReferenceGenome (1)","q3Label":"bwaIndexReferenceGenome (1)"},"time":{"mean":3379,"min":3379,"q1":3379,"q2":3379,"q3":3379,"max":3379,"minLabel":"bwaIndexReferenceGenome (1)","maxLabel":"bwaIndexReferenceGenome (1)","q1Label":"bwaIndexReferenceGenome (1)","q2Label":"bwaIndexReferenceGenome (1)","q3Label":"bwaIndexReferenceGenome (1)"},"writes":{"mean":12132609,"min":12132609,"q1":12132609,"q2":12132609,"q3":12132609,"max":12132609,"minLabel":"bwaIndexReferenceGenome (1)","maxLabel":"bwaIndexReferenceGenome (1)","q1Label":"bwaIndexReferenceGenome (1)","q2Label":"bwaIndexReferenceGenome (1)","q3Label":"bwaIndexReferenceGenome (1)"}},{"cpuUsage":{"mean":282.9,"min":282.9,"q1":282.9,"q2":282.9,"q3":282.9,"max":282.9,"minLabel":"trimmomatic (1)","maxLabel":"trimmomatic (1)","q1Label":"trimmomatic (1)","q2Label":"trimmomatic (1)","q3Label":"trimmomatic (1)"},"process":"trimmomatic","mem":{"mean":487747584,"min":487747584,"q1":487747584,"q2":487747584,"q3":487747584,"max":487747584,"minLabel":"trimmomatic (1)","maxLabel":"trimmomatic (1)","q1Label":"trimmomatic (1)","q2Label":"trimmomatic (1)","q3Label":"trimmomatic (1)"},"memUsage":null,"timeUsage":null,"vmem":{"mean":6825230336,"min":6825230336,"q1":6825230336,"q2":6825230336,"q3":6825230336,"max":6825230336,"minLabel":"trimmomatic (1)","maxLabel":"trimmomatic (1)","q1Label":"trimmomatic (1)","q2Label":"trimmomatic (1)","q3Label":"trimmomatic (1)"},"reads":{"mean":53598737,"min":53598737,"q1":53598737,"q2":53598737,"q3":53598737,"max":53598737,"minLabel":"trimmomatic (1)","maxLabel":"trimmomatic (1)","q1Label":"trimmomatic (1)","q2Label":"trimmomatic (1)","q3Label":"trimmomatic (1)"},"cpu":{"mean":282.9,"min":282.9,"q1":282.9,"q2":282.9,"q3":282.9,"max":282.9,"minLabel":"trimmomatic (1)","maxLabel":"trimmomatic (1)","q1Label":"trimmomatic (1)","q2Label":"trimmomatic (1)","q3Label":"trimmomatic (1)"},"time":{"mean":3489,"min":3489,"q1":3489,"q2":3489,"q3":3489,"max":3489,"minLabel":"trimmomatic (1)","maxLabel":"trimmomatic (1)","q1Label":"trimmomatic (1)","q2Label":"trimmomatic (1)","q3Label":"trimmomatic (1)"},"writes":{"mean":16961713,"min":16961713,"q1":16961713,"q2":16961713,"q3":16961713,"max":16961713,"minLabel":"trimmomatic (1)","maxLabel":"trimmomatic (1)","q1Label":"trimmomatic (1)","q2Label":"trimmomatic (1)","q3Label":"trimmomatic (1)"}}]
Nov-08 06:07:54.700 [main] DEBUG nextflow.CacheDB - Closing CacheDB done
Nov-08 06:07:54.716 [main] DEBUG nextflow.script.ScriptRunner - > Execution complete -- Goodbye
